<?xml version="1.0" encoding="UTF-8"?>
<!-- Generated by org.testng.reporters.JUnitReportReporter -->
<testsuite name="com.selenium.automation.FirstWebDriverProg" tests="1" time="15.432" ignored="0" failures="0" timestamp="13 Jan 2017 09:49:54 GMT" skipped="0" hostname="Ananya" errors="0">
  <testcase name="testHome" time="15.432" classname="com.selenium.automation.FirstWebDriverProg"/>
</testsuite> <!-- com.selenium.automation.FirstWebDriverProg -->
